2019/09/16 03:05:52 ...dules/setting/log.go:269:newLogService() [I] Gitea Log Mode: File(File:info)
2019/09/16 03:05:52 ...les/setting/cache.go:45:newCacheService() [I] Cache Service Enabled
2019/09/16 03:05:52 ...s/setting/session.go:44:newSessionService() [I] Session Service Enabled
2019/09/16 03:05:52 routers/init.go:49:initDBEngine() [I] Beginning ORM engine initialization.
2019/09/16 03:05:52 routers/init.go:51:initDBEngine() [I] ORM engine initialization attempt #1/10...
2019/09/16 03:05:52 ...-xorm/xorm/engine.go:330:Ping() [I] PING DATABASE sqlite3
2019/09/16 03:05:52 .../xorm/session_raw.go:76:queryRows() [I] [SQL] SELECT name FROM sqlite_master WHERE type='table' and name = ? []interface {}{"version"} - took: 39.089µs
2019/09/16 03:05:52 .../xorm/session_raw.go:194:exec() [I] [SQL] CREATE TABLE IF NOT EXISTS `version` (`id` INTEGER PRIMARY KEY AUTOINCREMENT NOT NULL, `version` INTEGER NULL) - took: 2.900403ms
2019/09/16 03:05:52 ...m/dialect_sqlite3.go:260:IsColumnExist() [I] [SQL] SELECT name FROM sqlite_master WHERE type='table' and name = ? and ((sql like '%`id`%') or (sql like '%[id]%')) [version]
2019/09/16 03:05:52 ...m/dialect_sqlite3.go:260:IsColumnExist() [I] [SQL] SELECT name FROM sqlite_master WHERE type='table' and name = ? and ((sql like '%`version`%') or (sql like '%[version]%')) [version]
2019/09/16 03:05:52 .../xorm/session_raw.go:76:queryRows() [I] [SQL] SELECT `id`, `version` FROM `version` WHERE `id`=? LIMIT 1 []interface {}{1} - took: 20.838µs
2019/09/16 03:05:52 .../xorm/session_raw.go:194:exec() [I] [SQL] INSERT INTO `version` (`version`) VALUES (?) []interface {}{94} - took: 2.532121ms
2019/09/16 03:05:52 ...m/dialect_sqlite3.go:359:GetTables() [I] [SQL] SELECT name FROM sqlite_master WHERE type='table'
2019/09/16 03:05:52 ...m/dialect_sqlite3.go:276:GetColumns() [I] [SQL] SELECT sql FROM sqlite_master WHERE type='table' and name = ? [user]
2019/09/16 03:05:52 ...m/dialect_sqlite3.go:385:GetIndexes() [I] [SQL] SELECT sql FROM sqlite_master WHERE type='index' and tbl_name = ? [user]
2019/09/16 03:05:52 ...m/dialect_sqlite3.go:276:GetColumns() [I] [SQL] SELECT sql FROM sqlite_master WHERE type='table' and name = ? [public_key]
2019/09/16 03:05:52 ...m/dialect_sqlite3.go:385:GetIndexes() [I] [SQL] SELECT sql FROM sqlite_master WHERE type='index' and tbl_name = ? [public_key]
2019/09/16 03:05:52 ...m/dialect_sqlite3.go:276:GetColumns() [I] [SQL] SELECT sql FROM sqlite_master WHERE type='table' and name = ? [access_token]
2019/09/16 03:05:52 ...m/dialect_sqlite3.go:385:GetIndexes() [I] [SQL] SELECT sql FROM sqlite_master WHERE type='index' and tbl_name = ? [access_token]
2019/09/16 03:05:52 ...m/dialect_sqlite3.go:276:GetColumns() [I] [SQL] SELECT sql FROM sqlite_master WHERE type='table' and name = ? [repository]
2019/09/16 03:05:52 ...m/dialect_sqlite3.go:385:GetIndexes() [I] [SQL] SELECT sql FROM sqlite_master WHERE type='index' and tbl_name = ? [repository]
2019/09/16 03:05:52 ...m/dialect_sqlite3.go:276:GetColumns() [I] [SQL] SELECT sql FROM sqlite_master WHERE type='table' and name = ? [deploy_key]
2019/09/16 03:05:52 ...m/dialect_sqlite3.go:385:GetIndexes() [I] [SQL] SELECT sql FROM sqlite_master WHERE type='index' and tbl_name = ? [deploy_key]
2019/09/16 03:05:52 ...m/dialect_sqlite3.go:276:GetColumns() [I] [SQL] SELECT sql FROM sqlite_master WHERE type='table' and name = ? [collaboration]
2019/09/16 03:05:52 ...m/dialect_sqlite3.go:385:GetIndexes() [I] [SQL] SELECT sql FROM sqlite_master WHERE type='index' and tbl_name = ? [collaboration]
2019/09/16 03:05:52 ...m/dialect_sqlite3.go:276:GetColumns() [I] [SQL] SELECT sql FROM sqlite_master WHERE type='table' and name = ? [access]
2019/09/16 03:05:52 ...m/dialect_sqlite3.go:385:GetIndexes() [I] [SQL] SELECT sql FROM sqlite_master WHERE type='index' and tbl_name = ? [access]
2019/09/16 03:05:52 ...m/dialect_sqlite3.go:276:GetColumns() [I] [SQL] SELECT sql FROM sqlite_master WHERE type='table' and name = ? [upload]
2019/09/16 03:05:52 ...m/dialect_sqlite3.go:385:GetIndexes() [I] [SQL] SELECT sql FROM sqlite_master WHERE type='index' and tbl_name = ? [upload]
2019/09/16 03:05:52 ...m/dialect_sqlite3.go:276:GetColumns() [I] [SQL] SELECT sql FROM sqlite_master WHERE type='table' and name = ? [watch]
2019/09/16 03:05:52 ...m/dialect_sqlite3.go:385:GetIndexes() [I] [SQL] SELECT sql FROM sqlite_master WHERE type='index' and tbl_name = ? [watch]
2019/09/16 03:05:52 ...m/dialect_sqlite3.go:276:GetColumns() [I] [SQL] SELECT sql FROM sqlite_master WHERE type='table' and name = ? [star]
2019/09/16 03:05:52 ...m/dialect_sqlite3.go:385:GetIndexes() [I] [SQL] SELECT sql FROM sqlite_master WHERE type='index' and tbl_name = ? [star]
2019/09/16 03:05:52 ...m/dialect_sqlite3.go:276:GetColumns() [I] [SQL] SELECT sql FROM sqlite_master WHERE type='table' and name = ? [follow]
2019/09/16 03:05:52 ...m/dialect_sqlite3.go:385:GetIndexes() [I] [SQL] SELECT sql FROM sqlite_master WHERE type='index' and tbl_name = ? [follow]
2019/09/16 03:05:52 ...m/dialect_sqlite3.go:276:GetColumns() [I] [SQL] SELECT sql FROM sqlite_master WHERE type='table' and name = ? [action]
2019/09/16 03:05:52 ...m/dialect_sqlite3.go:385:GetIndexes() [I] [SQL] SELECT sql FROM sqlite_master WHERE type='index' and tbl_name = ? [action]
2019/09/16 03:05:52 ...m/dialect_sqlite3.go:276:GetColumns() [I] [SQL] SELECT sql FROM sqlite_master WHERE type='table' and name = ? [issue]
2019/09/16 03:05:52 ...m/dialect_sqlite3.go:385:GetIndexes() [I] [SQL] SELECT sql FROM sqlite_master WHERE type='index' and tbl_name = ? [issue]
2019/09/16 03:05:52 ...m/dialect_sqlite3.go:276:GetColumns() [I] [SQL] SELECT sql FROM sqlite_master WHERE type='table' and name = ? [pull_request]
2019/09/16 03:05:52 ...m/dialect_sqlite3.go:385:GetIndexes() [I] [SQL] SELECT sql FROM sqlite_master WHERE type='index' and tbl_name = ? [pull_request]
2019/09/16 03:05:52 ...m/dialect_sqlite3.go:276:GetColumns() [I] [SQL] SELECT sql FROM sqlite_master WHERE type='table' and name = ? [comment]
2019/09/16 03:05:52 ...m/dialect_sqlite3.go:385:GetIndexes() [I] [SQL] SELECT sql FROM sqlite_master WHERE type='index' and tbl_name = ? [comment]
2019/09/16 03:05:52 ...m/dialect_sqlite3.go:276:GetColumns() [I] [SQL] SELECT sql FROM sqlite_master WHERE type='table' and name = ? [attachment]
2019/09/16 03:05:52 ...m/dialect_sqlite3.go:385:GetIndexes() [I] [SQL] SELECT sql FROM sqlite_master WHERE type='index' and tbl_name = ? [attachment]
2019/09/16 03:05:52 ...m/dialect_sqlite3.go:276:GetColumns() [I] [SQL] SELECT sql FROM sqlite_master WHERE type='table' and name = ? [label]
2019/09/16 03:05:52 ...m/dialect_sqlite3.go:385:GetIndexes() [I] [SQL] SELECT sql FROM sqlite_master WHERE type='index' and tbl_name = ? [label]
2019/09/16 03:05:52 ...m/dialect_sqlite3.go:276:GetColumns() [I] [SQL] SELECT sql FROM sqlite_master WHERE type='table' and name = ? [issue_label]
2019/09/16 03:05:52 ...m/dialect_sqlite3.go:385:GetIndexes() [I] [SQL] SELECT sql FROM sqlite_master WHERE type='index' and tbl_name = ? [issue_label]
2019/09/16 03:05:52 ...m/dialect_sqlite3.go:276:GetColumns() [I] [SQL] SELECT sql FROM sqlite_master WHERE type='table' and name = ? [milestone]
2019/09/16 03:05:52 ...m/dialect_sqlite3.go:385:GetIndexes() [I] [SQL] SELECT sql FROM sqlite_master WHERE type='index' and tbl_name = ? [milestone]
2019/09/16 03:05:52 ...m/dialect_sqlite3.go:276:GetColumns() [I] [SQL] SELECT sql FROM sqlite_master WHERE type='table' and name = ? [mirror]
2019/09/16 03:05:52 ...m/dialect_sqlite3.go:385:GetIndexes() [I] [SQL] SELECT sql FROM sqlite_master WHERE type='index' and tbl_name = ? [mirror]
2019/09/16 03:05:52 ...m/dialect_sqlite3.go:276:GetColumns() [I] [SQL] SELECT sql FROM sqlite_master WHERE type='table' and name = ? [release]
2019/09/16 03:05:52 ...m/dialect_sqlite3.go:385:GetIndexes() [I] [SQL] SELECT sql FROM sqlite_master WHERE type='index' and tbl_name = ? [release]
2019/09/16 03:05:52 ...m/dialect_sqlite3.go:276:GetColumns() [I] [SQL] SELECT sql FROM sqlite_master WHERE type='table' and name = ? [login_source]
2019/09/16 03:05:52 ...m/dialect_sqlite3.go:385:GetIndexes() [I] [SQL] SELECT sql FROM sqlite_master WHERE type='index' and tbl_name = ? [login_source]
2019/09/16 03:05:52 ...m/dialect_sqlite3.go:276:GetColumns() [I] [SQL] SELECT sql FROM sqlite_master WHERE type='table' and name = ? [webhook]
2019/09/16 03:05:52 ...m/dialect_sqlite3.go:385:GetIndexes() [I] [SQL] SELECT sql FROM sqlite_master WHERE type='index' and tbl_name = ? [webhook]
2019/09/16 03:05:52 ...m/dialect_sqlite3.go:276:GetColumns() [I] [SQL] SELECT sql FROM sqlite_master WHERE type='table' and name = ? [hook_task]
2019/09/16 03:05:52 ...m/dialect_sqlite3.go:385:GetIndexes() [I] [SQL] SELECT sql FROM sqlite_master WHERE type='index' and tbl_name = ? [hook_task]
2019/09/16 03:05:52 ...m/dialect_sqlite3.go:276:GetColumns() [I] [SQL] SELECT sql FROM sqlite_master WHERE type='table' and name = ? [team]
2019/09/16 03:05:52 ...m/dialect_sqlite3.go:385:GetIndexes() [I] [SQL] SELECT sql FROM sqlite_master WHERE type='index' and tbl_name = ? [team]
2019/09/16 03:05:52 ...m/dialect_sqlite3.go:276:GetColumns() [I] [SQL] SELECT sql FROM sqlite_master WHERE type='table' and name = ? [org_user]
2019/09/16 03:05:52 ...m/dialect_sqlite3.go:385:GetIndexes() [I] [SQL] SELECT sql FROM sqlite_master WHERE type='index' and tbl_name = ? [org_user]
2019/09/16 03:05:52 ...m/dialect_sqlite3.go:276:GetColumns() [I] [SQL] SELECT sql FROM sqlite_master WHERE type='table' and name = ? [team_user]
2019/09/16 03:05:52 ...m/dialect_sqlite3.go:385:GetIndexes() [I] [SQL] SELECT sql FROM sqlite_master WHERE type='index' and tbl_name = ? [team_user]
2019/09/16 03:05:52 ...m/dialect_sqlite3.go:276:GetColumns() [I] [SQL] SELECT sql FROM sqlite_master WHERE type='table' and name = ? [team_repo]
2019/09/16 03:05:52 ...m/dialect_sqlite3.go:385:GetIndexes() [I] [SQL] SELECT sql FROM sqlite_master WHERE type='index' and tbl_name = ? [team_repo]
2019/09/16 03:05:52 ...m/dialect_sqlite3.go:276:GetColumns() [I] [SQL] SELECT sql FROM sqlite_master WHERE type='table' and name = ? [notice]
2019/09/16 03:05:52 ...m/dialect_sqlite3.go:385:GetIndexes() [I] [SQL] SELECT sql FROM sqlite_master WHERE type='index' and tbl_name = ? [notice]
2019/09/16 03:05:52 ...m/dialect_sqlite3.go:276:GetColumns() [I] [SQL] SELECT sql FROM sqlite_master WHERE type='table' and name = ? [email_address]
2019/09/16 03:05:52 ...m/dialect_sqlite3.go:385:GetIndexes() [I] [SQL] SELECT sql FROM sqlite_master WHERE type='index' and tbl_name = ? [email_address]
2019/09/16 03:05:52 ...m/dialect_sqlite3.go:276:GetColumns() [I] [SQL] SELECT sql FROM sqlite_master WHERE type='table' and name = ? [notification]
2019/09/16 03:05:52 ...m/dialect_sqlite3.go:385:GetIndexes() [I] [SQL] SELECT sql FROM sqlite_master WHERE type='index' and tbl_name = ? [notification]
2019/09/16 03:05:52 ...m/dialect_sqlite3.go:276:GetColumns() [I] [SQL] SELECT sql FROM sqlite_master WHERE type='table' and name = ? [issue_user]
2019/09/16 03:05:52 ...m/dialect_sqlite3.go:385:GetIndexes() [I] [SQL] SELECT sql FROM sqlite_master WHERE type='index' and tbl_name = ? [issue_user]
2019/09/16 03:05:52 ...m/dialect_sqlite3.go:276:GetColumns() [I] [SQL] SELECT sql FROM sqlite_master WHERE type='table' and name = ? [lfs_meta_object]
2019/09/16 03:05:52 ...m/dialect_sqlite3.go:385:GetIndexes() [I] [SQL] SELECT sql FROM sqlite_master WHERE type='index' and tbl_name = ? [lfs_meta_object]
2019/09/16 03:05:52 ...m/dialect_sqlite3.go:276:GetColumns() [I] [SQL] SELECT sql FROM sqlite_master WHERE type='table' and name = ? [two_factor]
2019/09/16 03:05:52 ...m/dialect_sqlite3.go:385:GetIndexes() [I] [SQL] SELECT sql FROM sqlite_master WHERE type='index' and tbl_name = ? [two_factor]
2019/09/16 03:05:52 ...m/dialect_sqlite3.go:276:GetColumns() [I] [SQL] SELECT sql FROM sqlite_master WHERE type='table' and name = ? [gpg_key]
2019/09/16 03:05:52 ...m/dialect_sqlite3.go:385:GetIndexes() [I] [SQL] SELECT sql FROM sqlite_master WHERE type='index' and tbl_name = ? [gpg_key]
2019/09/16 03:05:52 ...m/dialect_sqlite3.go:276:GetColumns() [I] [SQL] SELECT sql FROM sqlite_master WHERE type='table' and name = ? [gpg_key_import]
2019/09/16 03:05:52 ...m/dialect_sqlite3.go:385:GetIndexes() [I] [SQL] SELECT sql FROM sqlite_master WHERE type='index' and tbl_name = ? [gpg_key_import]
2019/09/16 03:05:52 ...m/dialect_sqlite3.go:276:GetColumns() [I] [SQL] SELECT sql FROM sqlite_master WHERE type='table' and name = ? [repo_unit]
2019/09/16 03:05:52 ...m/dialect_sqlite3.go:385:GetIndexes() [I] [SQL] SELECT sql FROM sqlite_master WHERE type='index' and tbl_name = ? [repo_unit]
2019/09/16 03:05:52 ...m/dialect_sqlite3.go:276:GetColumns() [I] [SQL] SELECT sql FROM sqlite_master WHERE type='table' and name = ? [repo_redirect]
2019/09/16 03:05:52 ...m/dialect_sqlite3.go:385:GetIndexes() [I] [SQL] SELECT sql FROM sqlite_master WHERE type='index' and tbl_name = ? [repo_redirect]
2019/09/16 03:05:52 ...m/dialect_sqlite3.go:276:GetColumns() [I] [SQL] SELECT sql FROM sqlite_master WHERE type='table' and name = ? [external_login_user]
2019/09/16 03:05:52 ...m/dialect_sqlite3.go:385:GetIndexes() [I] [SQL] SELECT sql FROM sqlite_master WHERE type='index' and tbl_name = ? [external_login_user]
2019/09/16 03:05:52 ...m/dialect_sqlite3.go:276:GetColumns() [I] [SQL] SELECT sql FROM sqlite_master WHERE type='table' and name = ? [protected_branch]
2019/09/16 03:05:52 ...m/dialect_sqlite3.go:385:GetIndexes() [I] [SQL] SELECT sql FROM sqlite_master WHERE type='index' and tbl_name = ? [protected_branch]
2019/09/16 03:05:52 ...m/dialect_sqlite3.go:276:GetColumns() [I] [SQL] SELECT sql FROM sqlite_master WHERE type='table' and name = ? [user_open_id]
2019/09/16 03:05:52 ...m/dialect_sqlite3.go:385:GetIndexes() [I] [SQL] SELECT sql FROM sqlite_master WHERE type='index' and tbl_name = ? [user_open_id]
2019/09/16 03:05:52 ...m/dialect_sqlite3.go:276:GetColumns() [I] [SQL] SELECT sql FROM sqlite_master WHERE type='table' and name = ? [issue_watch]
2019/09/16 03:05:52 ...m/dialect_sqlite3.go:385:GetIndexes() [I] [SQL] SELECT sql FROM sqlite_master WHERE type='index' and tbl_name = ? [issue_watch]
2019/09/16 03:05:52 ...m/dialect_sqlite3.go:276:GetColumns() [I] [SQL] SELECT sql FROM sqlite_master WHERE type='table' and name = ? [commit_status]
2019/09/16 03:05:52 ...m/dialect_sqlite3.go:385:GetIndexes() [I] [SQL] SELECT sql FROM sqlite_master WHERE type='index' and tbl_name = ? [commit_status]
2019/09/16 03:05:52 ...m/dialect_sqlite3.go:276:GetColumns() [I] [SQL] SELECT sql FROM sqlite_master WHERE type='table' and name = ? [stopwatch]
2019/09/16 03:05:52 ...m/dialect_sqlite3.go:385:GetIndexes() [I] [SQL] SELECT sql FROM sqlite_master WHERE type='index' and tbl_name = ? [stopwatch]
2019/09/16 03:05:52 ...m/dialect_sqlite3.go:276:GetColumns() [I] [SQL] SELECT sql FROM sqlite_master WHERE type='table' and name = ? [tracked_time]
2019/09/16 03:05:52 ...m/dialect_sqlite3.go:385:GetIndexes() [I] [SQL] SELECT sql FROM sqlite_master WHERE type='index' and tbl_name = ? [tracked_time]
2019/09/16 03:05:52 ...m/dialect_sqlite3.go:276:GetColumns() [I] [SQL] SELECT sql FROM sqlite_master WHERE type='table' and name = ? [deleted_branch]
2019/09/16 03:05:52 ...m/dialect_sqlite3.go:385:GetIndexes() [I] [SQL] SELECT sql FROM sqlite_master WHERE type='index' and tbl_name = ? [deleted_branch]
2019/09/16 03:05:52 ...m/dialect_sqlite3.go:276:GetColumns() [I] [SQL] SELECT sql FROM sqlite_master WHERE type='table' and name = ? [repo_indexer_status]
2019/09/16 03:05:52 ...m/dialect_sqlite3.go:385:GetIndexes() [I] [SQL] SELECT sql FROM sqlite_master WHERE type='index' and tbl_name = ? [repo_indexer_status]
2019/09/16 03:05:52 ...m/dialect_sqlite3.go:276:GetColumns() [I] [SQL] SELECT sql FROM sqlite_master WHERE type='table' and name = ? [issue_dependency]
2019/09/16 03:05:52 ...m/dialect_sqlite3.go:385:GetIndexes() [I] [SQL] SELECT sql FROM sqlite_master WHERE type='index' and tbl_name = ? [issue_dependency]
2019/09/16 03:05:52 ...m/dialect_sqlite3.go:276:GetColumns() [I] [SQL] SELECT sql FROM sqlite_master WHERE type='table' and name = ? [lfs_lock]
2019/09/16 03:05:52 ...m/dialect_sqlite3.go:385:GetIndexes() [I] [SQL] SELECT sql FROM sqlite_master WHERE type='index' and tbl_name = ? [lfs_lock]
2019/09/16 03:05:52 ...m/dialect_sqlite3.go:276:GetColumns() [I] [SQL] SELECT sql FROM sqlite_master WHERE type='table' and name = ? [reaction]
2019/09/16 03:05:52 ...m/dialect_sqlite3.go:385:GetIndexes() [I] [SQL] SELECT sql FROM sqlite_master WHERE type='index' and tbl_name = ? [reaction]
2019/09/16 03:05:52 ...m/dialect_sqlite3.go:276:GetColumns() [I] [SQL] SELECT sql FROM sqlite_master WHERE type='table' and name = ? [issue_assignees]
2019/09/16 03:05:52 ...m/dialect_sqlite3.go:385:GetIndexes() [I] [SQL] SELECT sql FROM sqlite_master WHERE type='index' and tbl_name = ? [issue_assignees]
2019/09/16 03:05:52 ...m/dialect_sqlite3.go:276:GetColumns() [I] [SQL] SELECT sql FROM sqlite_master WHERE type='table' and name = ? [u2f_registration]
2019/09/16 03:05:52 ...m/dialect_sqlite3.go:385:GetIndexes() [I] [SQL] SELECT sql FROM sqlite_master WHERE type='index' and tbl_name = ? [u2f_registration]
2019/09/16 03:05:52 ...m/dialect_sqlite3.go:276:GetColumns() [I] [SQL] SELECT sql FROM sqlite_master WHERE type='table' and name = ? [team_unit]
2019/09/16 03:05:52 ...m/dialect_sqlite3.go:385:GetIndexes() [I] [SQL] SELECT sql FROM sqlite_master WHERE type='index' and tbl_name = ? [team_unit]
2019/09/16 03:05:52 ...m/dialect_sqlite3.go:276:GetColumns() [I] [SQL] SELECT sql FROM sqlite_master WHERE type='table' and name = ? [review]
2019/09/16 03:05:52 ...m/dialect_sqlite3.go:385:GetIndexes() [I] [SQL] SELECT sql FROM sqlite_master WHERE type='index' and tbl_name = ? [review]
2019/09/16 03:05:52 ...m/dialect_sqlite3.go:276:GetColumns() [I] [SQL] SELECT sql FROM sqlite_master WHERE type='table' and name = ? [oauth2_application]
2019/09/16 03:05:52 ...m/dialect_sqlite3.go:385:GetIndexes() [I] [SQL] SELECT sql FROM sqlite_master WHERE type='index' and tbl_name = ? [oauth2_application]
2019/09/16 03:05:52 ...m/dialect_sqlite3.go:276:GetColumns() [I] [SQL] SELECT sql FROM sqlite_master WHERE type='table' and name = ? [oauth2_authorization_code]
2019/09/16 03:05:52 ...m/dialect_sqlite3.go:385:GetIndexes() [I] [SQL] SELECT sql FROM sqlite_master WHERE type='index' and tbl_name = ? [oauth2_authorization_code]
2019/09/16 03:05:52 ...m/dialect_sqlite3.go:276:GetColumns() [I] [SQL] SELECT sql FROM sqlite_master WHERE type='table' and name = ? [oauth2_grant]
2019/09/16 03:05:52 ...m/dialect_sqlite3.go:385:GetIndexes() [I] [SQL] SELECT sql FROM sqlite_master WHERE type='index' and tbl_name = ? [oauth2_grant]
2019/09/16 03:05:52 ...m/dialect_sqlite3.go:276:GetColumns() [I] [SQL] SELECT sql FROM sqlite_master WHERE type='table' and name = ? [topic]
2019/09/16 03:05:52 ...m/dialect_sqlite3.go:385:GetIndexes() [I] [SQL] SELECT sql FROM sqlite_master WHERE type='index' and tbl_name = ? [topic]
2019/09/16 03:05:52 ...m/dialect_sqlite3.go:276:GetColumns() [I] [SQL] SELECT sql FROM sqlite_master WHERE type='table' and name = ? [repo_topic]
2019/09/16 03:05:52 ...m/dialect_sqlite3.go:385:GetIndexes() [I] [SQL] SELECT sql FROM sqlite_master WHERE type='index' and tbl_name = ? [repo_topic]
2019/09/16 03:05:52 ...m/dialect_sqlite3.go:276:GetColumns() [I] [SQL] SELECT sql FROM sqlite_master WHERE type='table' and name = ? [version]
2019/09/16 03:05:52 ...m/dialect_sqlite3.go:385:GetIndexes() [I] [SQL] SELECT sql FROM sqlite_master WHERE type='index' and tbl_name = ? [version]
2019/09/16 03:05:52 models/models.go:181:NewEngine() [W] Table user Column email_notifications_preference db default is ''enabled'', struct default is 'enabled'
2019/09/16 03:05:52 models/models.go:181:NewEngine() [W] Table user Column passwd_hash_algo db default is ''pbkdf2'', struct default is 'pbkdf2'
2019/09/16 03:05:52 models/models.go:181:NewEngine() [W] Table user Column diff_view_style db default is '''', struct default is ''
2019/09/16 03:05:52 models/models.go:181:NewEngine() [W] Table user Column theme db default is '''', struct default is ''
2019/09/16 03:05:52 routers/init.go:84:GlobalInit() [I] ORM engine initialization successful!
2019/09/16 03:05:52 ...m/dialect_sqlite3.go:359:GetTables() [I] [SQL] SELECT name FROM sqlite_master WHERE type='table'
2019/09/16 03:05:52 ...m/dialect_sqlite3.go:276:GetColumns() [I] [SQL] SELECT sql FROM sqlite_master WHERE type='table' and name = ? [user]
2019/09/16 03:05:52 ...m/dialect_sqlite3.go:385:GetIndexes() [I] [SQL] SELECT sql FROM sqlite_master WHERE type='index' and tbl_name = ? [user]
2019/09/16 03:05:52 ...m/dialect_sqlite3.go:276:GetColumns() [I] [SQL] SELECT sql FROM sqlite_master WHERE type='table' and name = ? [public_key]
2019/09/16 03:05:52 ...m/dialect_sqlite3.go:385:GetIndexes() [I] [SQL] SELECT sql FROM sqlite_master WHERE type='index' and tbl_name = ? [public_key]
2019/09/16 03:05:52 ...m/dialect_sqlite3.go:276:GetColumns() [I] [SQL] SELECT sql FROM sqlite_master WHERE type='table' and name = ? [access_token]
2019/09/16 03:05:52 ...m/dialect_sqlite3.go:385:GetIndexes() [I] [SQL] SELECT sql FROM sqlite_master WHERE type='index' and tbl_name = ? [access_token]
2019/09/16 03:05:52 ...m/dialect_sqlite3.go:276:GetColumns() [I] [SQL] SELECT sql FROM sqlite_master WHERE type='table' and name = ? [repository]
2019/09/16 03:05:52 ...m/dialect_sqlite3.go:385:GetIndexes() [I] [SQL] SELECT sql FROM sqlite_master WHERE type='index' and tbl_name = ? [repository]
2019/09/16 03:05:52 ...m/dialect_sqlite3.go:276:GetColumns() [I] [SQL] SELECT sql FROM sqlite_master WHERE type='table' and name = ? [deploy_key]
2019/09/16 03:05:52 ...m/dialect_sqlite3.go:385:GetIndexes() [I] [SQL] SELECT sql FROM sqlite_master WHERE type='index' and tbl_name = ? [deploy_key]
2019/09/16 03:05:52 ...m/dialect_sqlite3.go:276:GetColumns() [I] [SQL] SELECT sql FROM sqlite_master WHERE type='table' and name = ? [collaboration]
2019/09/16 03:05:52 ...m/dialect_sqlite3.go:385:GetIndexes() [I] [SQL] SELECT sql FROM sqlite_master WHERE type='index' and tbl_name = ? [collaboration]
2019/09/16 03:05:52 ...m/dialect_sqlite3.go:276:GetColumns() [I] [SQL] SELECT sql FROM sqlite_master WHERE type='table' and name = ? [access]
2019/09/16 03:05:52 ...m/dialect_sqlite3.go:385:GetIndexes() [I] [SQL] SELECT sql FROM sqlite_master WHERE type='index' and tbl_name = ? [access]
2019/09/16 03:05:52 ...m/dialect_sqlite3.go:276:GetColumns() [I] [SQL] SELECT sql FROM sqlite_master WHERE type='table' and name = ? [upload]
2019/09/16 03:05:52 ...m/dialect_sqlite3.go:385:GetIndexes() [I] [SQL] SELECT sql FROM sqlite_master WHERE type='index' and tbl_name = ? [upload]
2019/09/16 03:05:52 ...m/dialect_sqlite3.go:276:GetColumns() [I] [SQL] SELECT sql FROM sqlite_master WHERE type='table' and name = ? [watch]
2019/09/16 03:05:52 ...m/dialect_sqlite3.go:385:GetIndexes() [I] [SQL] SELECT sql FROM sqlite_master WHERE type='index' and tbl_name = ? [watch]
2019/09/16 03:05:52 ...m/dialect_sqlite3.go:276:GetColumns() [I] [SQL] SELECT sql FROM sqlite_master WHERE type='table' and name = ? [star]
2019/09/16 03:05:52 ...m/dialect_sqlite3.go:385:GetIndexes() [I] [SQL] SELECT sql FROM sqlite_master WHERE type='index' and tbl_name = ? [star]
2019/09/16 03:05:52 ...m/dialect_sqlite3.go:276:GetColumns() [I] [SQL] SELECT sql FROM sqlite_master WHERE type='table' and name = ? [follow]
2019/09/16 03:05:52 ...m/dialect_sqlite3.go:385:GetIndexes() [I] [SQL] SELECT sql FROM sqlite_master WHERE type='index' and tbl_name = ? [follow]
2019/09/16 03:05:52 ...m/dialect_sqlite3.go:276:GetColumns() [I] [SQL] SELECT sql FROM sqlite_master WHERE type='table' and name = ? [action]
2019/09/16 03:05:52 ...m/dialect_sqlite3.go:385:GetIndexes() [I] [SQL] SELECT sql FROM sqlite_master WHERE type='index' and tbl_name = ? [action]
2019/09/16 03:05:52 ...m/dialect_sqlite3.go:276:GetColumns() [I] [SQL] SELECT sql FROM sqlite_master WHERE type='table' and name = ? [issue]
2019/09/16 03:05:52 ...m/dialect_sqlite3.go:385:GetIndexes() [I] [SQL] SELECT sql FROM sqlite_master WHERE type='index' and tbl_name = ? [issue]
2019/09/16 03:05:52 ...m/dialect_sqlite3.go:276:GetColumns() [I] [SQL] SELECT sql FROM sqlite_master WHERE type='table' and name = ? [pull_request]
2019/09/16 03:05:52 ...m/dialect_sqlite3.go:385:GetIndexes() [I] [SQL] SELECT sql FROM sqlite_master WHERE type='index' and tbl_name = ? [pull_request]
2019/09/16 03:05:52 ...m/dialect_sqlite3.go:276:GetColumns() [I] [SQL] SELECT sql FROM sqlite_master WHERE type='table' and name = ? [comment]
2019/09/16 03:05:52 ...m/dialect_sqlite3.go:385:GetIndexes() [I] [SQL] SELECT sql FROM sqlite_master WHERE type='index' and tbl_name = ? [comment]
2019/09/16 03:05:52 ...m/dialect_sqlite3.go:276:GetColumns() [I] [SQL] SELECT sql FROM sqlite_master WHERE type='table' and name = ? [attachment]
2019/09/16 03:05:52 ...m/dialect_sqlite3.go:385:GetIndexes() [I] [SQL] SELECT sql FROM sqlite_master WHERE type='index' and tbl_name = ? [attachment]
2019/09/16 03:05:52 ...m/dialect_sqlite3.go:276:GetColumns() [I] [SQL] SELECT sql FROM sqlite_master WHERE type='table' and name = ? [label]
2019/09/16 03:05:52 ...m/dialect_sqlite3.go:385:GetIndexes() [I] [SQL] SELECT sql FROM sqlite_master WHERE type='index' and tbl_name = ? [label]
2019/09/16 03:05:52 ...m/dialect_sqlite3.go:276:GetColumns() [I] [SQL] SELECT sql FROM sqlite_master WHERE type='table' and name = ? [issue_label]
2019/09/16 03:05:52 ...m/dialect_sqlite3.go:385:GetIndexes() [I] [SQL] SELECT sql FROM sqlite_master WHERE type='index' and tbl_name = ? [issue_label]
2019/09/16 03:05:52 ...m/dialect_sqlite3.go:276:GetColumns() [I] [SQL] SELECT sql FROM sqlite_master WHERE type='table' and name = ? [milestone]
2019/09/16 03:05:52 ...m/dialect_sqlite3.go:385:GetIndexes() [I] [SQL] SELECT sql FROM sqlite_master WHERE type='index' and tbl_name = ? [milestone]
2019/09/16 03:05:52 ...m/dialect_sqlite3.go:276:GetColumns() [I] [SQL] SELECT sql FROM sqlite_master WHERE type='table' and name = ? [mirror]
2019/09/16 03:05:52 ...m/dialect_sqlite3.go:385:GetIndexes() [I] [SQL] SELECT sql FROM sqlite_master WHERE type='index' and tbl_name = ? [mirror]
2019/09/16 03:05:52 ...m/dialect_sqlite3.go:276:GetColumns() [I] [SQL] SELECT sql FROM sqlite_master WHERE type='table' and name = ? [release]
2019/09/16 03:05:52 ...m/dialect_sqlite3.go:385:GetIndexes() [I] [SQL] SELECT sql FROM sqlite_master WHERE type='index' and tbl_name = ? [release]
2019/09/16 03:05:52 ...m/dialect_sqlite3.go:276:GetColumns() [I] [SQL] SELECT sql FROM sqlite_master WHERE type='table' and name = ? [login_source]
2019/09/16 03:05:52 ...m/dialect_sqlite3.go:385:GetIndexes() [I] [SQL] SELECT sql FROM sqlite_master WHERE type='index' and tbl_name = ? [login_source]
2019/09/16 03:05:52 ...m/dialect_sqlite3.go:276:GetColumns() [I] [SQL] SELECT sql FROM sqlite_master WHERE type='table' and name = ? [webhook]
2019/09/16 03:05:52 ...m/dialect_sqlite3.go:385:GetIndexes() [I] [SQL] SELECT sql FROM sqlite_master WHERE type='index' and tbl_name = ? [webhook]
2019/09/16 03:05:52 ...m/dialect_sqlite3.go:276:GetColumns() [I] [SQL] SELECT sql FROM sqlite_master WHERE type='table' and name = ? [hook_task]
2019/09/16 03:05:52 ...m/dialect_sqlite3.go:385:GetIndexes() [I] [SQL] SELECT sql FROM sqlite_master WHERE type='index' and tbl_name = ? [hook_task]
2019/09/16 03:05:52 ...m/dialect_sqlite3.go:276:GetColumns() [I] [SQL] SELECT sql FROM sqlite_master WHERE type='table' and name = ? [team]
2019/09/16 03:05:52 ...m/dialect_sqlite3.go:385:GetIndexes() [I] [SQL] SELECT sql FROM sqlite_master WHERE type='index' and tbl_name = ? [team]
2019/09/16 03:05:52 ...m/dialect_sqlite3.go:276:GetColumns() [I] [SQL] SELECT sql FROM sqlite_master WHERE type='table' and name = ? [org_user]
2019/09/16 03:05:52 ...m/dialect_sqlite3.go:385:GetIndexes() [I] [SQL] SELECT sql FROM sqlite_master WHERE type='index' and tbl_name = ? [org_user]
2019/09/16 03:05:52 ...m/dialect_sqlite3.go:276:GetColumns() [I] [SQL] SELECT sql FROM sqlite_master WHERE type='table' and name = ? [team_user]
2019/09/16 03:05:52 ...m/dialect_sqlite3.go:385:GetIndexes() [I] [SQL] SELECT sql FROM sqlite_master WHERE type='index' and tbl_name = ? [team_user]
2019/09/16 03:05:52 ...m/dialect_sqlite3.go:276:GetColumns() [I] [SQL] SELECT sql FROM sqlite_master WHERE type='table' and name = ? [team_repo]
2019/09/16 03:05:52 ...m/dialect_sqlite3.go:385:GetIndexes() [I] [SQL] SELECT sql FROM sqlite_master WHERE type='index' and tbl_name = ? [team_repo]
2019/09/16 03:05:52 ...m/dialect_sqlite3.go:276:GetColumns() [I] [SQL] SELECT sql FROM sqlite_master WHERE type='table' and name = ? [notice]
2019/09/16 03:05:52 ...m/dialect_sqlite3.go:385:GetIndexes() [I] [SQL] SELECT sql FROM sqlite_master WHERE type='index' and tbl_name = ? [notice]
2019/09/16 03:05:52 ...m/dialect_sqlite3.go:276:GetColumns() [I] [SQL] SELECT sql FROM sqlite_master WHERE type='table' and name = ? [email_address]
2019/09/16 03:05:52 ...m/dialect_sqlite3.go:385:GetIndexes() [I] [SQL] SELECT sql FROM sqlite_master WHERE type='index' and tbl_name = ? [email_address]
2019/09/16 03:05:52 ...m/dialect_sqlite3.go:276:GetColumns() [I] [SQL] SELECT sql FROM sqlite_master WHERE type='table' and name = ? [notification]
2019/09/16 03:05:52 ...m/dialect_sqlite3.go:385:GetIndexes() [I] [SQL] SELECT sql FROM sqlite_master WHERE type='index' and tbl_name = ? [notification]
2019/09/16 03:05:52 ...m/dialect_sqlite3.go:276:GetColumns() [I] [SQL] SELECT sql FROM sqlite_master WHERE type='table' and name = ? [issue_user]
2019/09/16 03:05:52 ...m/dialect_sqlite3.go:385:GetIndexes() [I] [SQL] SELECT sql FROM sqlite_master WHERE type='index' and tbl_name = ? [issue_user]
2019/09/16 03:05:52 ...m/dialect_sqlite3.go:276:GetColumns() [I] [SQL] SELECT sql FROM sqlite_master WHERE type='table' and name = ? [lfs_meta_object]
2019/09/16 03:05:52 ...m/dialect_sqlite3.go:385:GetIndexes() [I] [SQL] SELECT sql FROM sqlite_master WHERE type='index' and tbl_name = ? [lfs_meta_object]
2019/09/16 03:05:52 ...m/dialect_sqlite3.go:276:GetColumns() [I] [SQL] SELECT sql FROM sqlite_master WHERE type='table' and name = ? [two_factor]
2019/09/16 03:05:52 ...m/dialect_sqlite3.go:385:GetIndexes() [I] [SQL] SELECT sql FROM sqlite_master WHERE type='index' and tbl_name = ? [two_factor]
2019/09/16 03:05:52 ...m/dialect_sqlite3.go:276:GetColumns() [I] [SQL] SELECT sql FROM sqlite_master WHERE type='table' and name = ? [gpg_key]
2019/09/16 03:05:52 ...m/dialect_sqlite3.go:385:GetIndexes() [I] [SQL] SELECT sql FROM sqlite_master WHERE type='index' and tbl_name = ? [gpg_key]
2019/09/16 03:05:52 ...m/dialect_sqlite3.go:276:GetColumns() [I] [SQL] SELECT sql FROM sqlite_master WHERE type='table' and name = ? [gpg_key_import]
2019/09/16 03:05:52 ...m/dialect_sqlite3.go:385:GetIndexes() [I] [SQL] SELECT sql FROM sqlite_master WHERE type='index' and tbl_name = ? [gpg_key_import]
2019/09/16 03:05:52 ...m/dialect_sqlite3.go:276:GetColumns() [I] [SQL] SELECT sql FROM sqlite_master WHERE type='table' and name = ? [repo_unit]
2019/09/16 03:05:52 ...m/dialect_sqlite3.go:385:GetIndexes() [I] [SQL] SELECT sql FROM sqlite_master WHERE type='index' and tbl_name = ? [repo_unit]
2019/09/16 03:05:52 ...m/dialect_sqlite3.go:276:GetColumns() [I] [SQL] SELECT sql FROM sqlite_master WHERE type='table' and name = ? [repo_redirect]
2019/09/16 03:05:52 ...m/dialect_sqlite3.go:385:GetIndexes() [I] [SQL] SELECT sql FROM sqlite_master WHERE type='index' and tbl_name = ? [repo_redirect]
2019/09/16 03:05:52 ...m/dialect_sqlite3.go:276:GetColumns() [I] [SQL] SELECT sql FROM sqlite_master WHERE type='table' and name = ? [external_login_user]
2019/09/16 03:05:52 ...m/dialect_sqlite3.go:385:GetIndexes() [I] [SQL] SELECT sql FROM sqlite_master WHERE type='index' and tbl_name = ? [external_login_user]
2019/09/16 03:05:52 ...m/dialect_sqlite3.go:276:GetColumns() [I] [SQL] SELECT sql FROM sqlite_master WHERE type='table' and name = ? [protected_branch]
2019/09/16 03:05:52 ...m/dialect_sqlite3.go:385:GetIndexes() [I] [SQL] SELECT sql FROM sqlite_master WHERE type='index' and tbl_name = ? [protected_branch]
2019/09/16 03:05:52 ...m/dialect_sqlite3.go:276:GetColumns() [I] [SQL] SELECT sql FROM sqlite_master WHERE type='table' and name = ? [user_open_id]
2019/09/16 03:05:52 ...m/dialect_sqlite3.go:385:GetIndexes() [I] [SQL] SELECT sql FROM sqlite_master WHERE type='index' and tbl_name = ? [user_open_id]
2019/09/16 03:05:52 ...m/dialect_sqlite3.go:276:GetColumns() [I] [SQL] SELECT sql FROM sqlite_master WHERE type='table' and name = ? [issue_watch]
2019/09/16 03:05:52 ...m/dialect_sqlite3.go:385:GetIndexes() [I] [SQL] SELECT sql FROM sqlite_master WHERE type='index' and tbl_name = ? [issue_watch]
2019/09/16 03:05:52 ...m/dialect_sqlite3.go:276:GetColumns() [I] [SQL] SELECT sql FROM sqlite_master WHERE type='table' and name = ? [commit_status]
2019/09/16 03:05:52 ...m/dialect_sqlite3.go:385:GetIndexes() [I] [SQL] SELECT sql FROM sqlite_master WHERE type='index' and tbl_name = ? [commit_status]
2019/09/16 03:05:52 ...m/dialect_sqlite3.go:276:GetColumns() [I] [SQL] SELECT sql FROM sqlite_master WHERE type='table' and name = ? [stopwatch]
2019/09/16 03:05:52 ...m/dialect_sqlite3.go:385:GetIndexes() [I] [SQL] SELECT sql FROM sqlite_master WHERE type='index' and tbl_name = ? [stopwatch]
2019/09/16 03:05:52 ...m/dialect_sqlite3.go:276:GetColumns() [I] [SQL] SELECT sql FROM sqlite_master WHERE type='table' and name = ? [tracked_time]
2019/09/16 03:05:52 ...m/dialect_sqlite3.go:385:GetIndexes() [I] [SQL] SELECT sql FROM sqlite_master WHERE type='index' and tbl_name = ? [tracked_time]
2019/09/16 03:05:52 ...m/dialect_sqlite3.go:276:GetColumns() [I] [SQL] SELECT sql FROM sqlite_master WHERE type='table' and name = ? [deleted_branch]
2019/09/16 03:05:52 ...m/dialect_sqlite3.go:385:GetIndexes() [I] [SQL] SELECT sql FROM sqlite_master WHERE type='index' and tbl_name = ? [deleted_branch]
2019/09/16 03:05:52 ...m/dialect_sqlite3.go:276:GetColumns() [I] [SQL] SELECT sql FROM sqlite_master WHERE type='table' and name = ? [repo_indexer_status]
2019/09/16 03:05:52 ...m/dialect_sqlite3.go:385:GetIndexes() [I] [SQL] SELECT sql FROM sqlite_master WHERE type='index' and tbl_name = ? [repo_indexer_status]
2019/09/16 03:05:52 ...m/dialect_sqlite3.go:276:GetColumns() [I] [SQL] SELECT sql FROM sqlite_master WHERE type='table' and name = ? [issue_dependency]
2019/09/16 03:05:52 ...m/dialect_sqlite3.go:385:GetIndexes() [I] [SQL] SELECT sql FROM sqlite_master WHERE type='index' and tbl_name = ? [issue_dependency]
2019/09/16 03:05:52 ...m/dialect_sqlite3.go:276:GetColumns() [I] [SQL] SELECT sql FROM sqlite_master WHERE type='table' and name = ? [lfs_lock]
2019/09/16 03:05:52 ...m/dialect_sqlite3.go:385:GetIndexes() [I] [SQL] SELECT sql FROM sqlite_master WHERE type='index' and tbl_name = ? [lfs_lock]
2019/09/16 03:05:52 ...m/dialect_sqlite3.go:276:GetColumns() [I] [SQL] SELECT sql FROM sqlite_master WHERE type='table' and name = ? [reaction]
2019/09/16 03:05:52 ...m/dialect_sqlite3.go:385:GetIndexes() [I] [SQL] SELECT sql FROM sqlite_master WHERE type='index' and tbl_name = ? [reaction]
2019/09/16 03:05:52 ...m/dialect_sqlite3.go:276:GetColumns() [I] [SQL] SELECT sql FROM sqlite_master WHERE type='table' and name = ? [issue_assignees]
2019/09/16 03:05:52 ...m/dialect_sqlite3.go:385:GetIndexes() [I] [SQL] SELECT sql FROM sqlite_master WHERE type='index' and tbl_name = ? [issue_assignees]
2019/09/16 03:05:52 ...m/dialect_sqlite3.go:276:GetColumns() [I] [SQL] SELECT sql FROM sqlite_master WHERE type='table' and name = ? [u2f_registration]
2019/09/16 03:05:52 ...m/dialect_sqlite3.go:385:GetIndexes() [I] [SQL] SELECT sql FROM sqlite_master WHERE type='index' and tbl_name = ? [u2f_registration]
2019/09/16 03:05:52 ...m/dialect_sqlite3.go:276:GetColumns() [I] [SQL] SELECT sql FROM sqlite_master WHERE type='table' and name = ? [team_unit]
2019/09/16 03:05:52 ...m/dialect_sqlite3.go:385:GetIndexes() [I] [SQL] SELECT sql FROM sqlite_master WHERE type='index' and tbl_name = ? [team_unit]
2019/09/16 03:05:52 ...m/dialect_sqlite3.go:276:GetColumns() [I] [SQL] SELECT sql FROM sqlite_master WHERE type='table' and name = ? [review]
2019/09/16 03:05:52 ...m/dialect_sqlite3.go:385:GetIndexes() [I] [SQL] SELECT sql FROM sqlite_master WHERE type='index' and tbl_name = ? [review]
2019/09/16 03:05:52 ...m/dialect_sqlite3.go:276:GetColumns() [I] [SQL] SELECT sql FROM sqlite_master WHERE type='table' and name = ? [oauth2_application]
2019/09/16 03:05:52 ...m/dialect_sqlite3.go:385:GetIndexes() [I] [SQL] SELECT sql FROM sqlite_master WHERE type='index' and tbl_name = ? [oauth2_application]
2019/09/16 03:05:52 ...m/dialect_sqlite3.go:276:GetColumns() [I] [SQL] SELECT sql FROM sqlite_master WHERE type='table' and name = ? [oauth2_authorization_code]
2019/09/16 03:05:52 ...m/dialect_sqlite3.go:385:GetIndexes() [I] [SQL] SELECT sql FROM sqlite_master WHERE type='index' and tbl_name = ? [oauth2_authorization_code]
2019/09/16 03:05:52 ...m/dialect_sqlite3.go:276:GetColumns() [I] [SQL] SELECT sql FROM sqlite_master WHERE type='table' and name = ? [oauth2_grant]
2019/09/16 03:05:52 ...m/dialect_sqlite3.go:385:GetIndexes() [I] [SQL] SELECT sql FROM sqlite_master WHERE type='index' and tbl_name = ? [oauth2_grant]
2019/09/16 03:05:52 ...m/dialect_sqlite3.go:276:GetColumns() [I] [SQL] SELECT sql FROM sqlite_master WHERE type='table' and name = ? [topic]
2019/09/16 03:05:52 ...m/dialect_sqlite3.go:385:GetIndexes() [I] [SQL] SELECT sql FROM sqlite_master WHERE type='index' and tbl_name = ? [topic]
2019/09/16 03:05:52 ...m/dialect_sqlite3.go:276:GetColumns() [I] [SQL] SELECT sql FROM sqlite_master WHERE type='table' and name = ? [repo_topic]
2019/09/16 03:05:52 ...m/dialect_sqlite3.go:385:GetIndexes() [I] [SQL] SELECT sql FROM sqlite_master WHERE type='index' and tbl_name = ? [repo_topic]
2019/09/16 03:05:52 ...m/dialect_sqlite3.go:276:GetColumns() [I] [SQL] SELECT sql FROM sqlite_master WHERE type='table' and name = ? [version]
2019/09/16 03:05:52 ...m/dialect_sqlite3.go:385:GetIndexes() [I] [SQL] SELECT sql FROM sqlite_master WHERE type='index' and tbl_name = ? [version]
2019/09/16 03:05:52 .../xorm/session_raw.go:194:exec() [I] [SQL] CREATE TABLE IF NOT EXISTS `oauth2_session` (`id` TEXT PRIMARY KEY NOT NULL, `data` TEXT NULL, `created_unix` INTEGER NULL, `updated_unix` INTEGER NULL, `expires_unix` INTEGER NULL) - took: 7.197989ms
2019/09/16 03:05:52 .../xorm/session_raw.go:194:exec() [I] [SQL] CREATE INDEX `IDX_oauth2_session_expires_unix` ON `oauth2_session` (`expires_unix`) - took: 5.786356ms
2019/09/16 03:05:52 .../xorm/session_raw.go:76:queryRows() [I] [SQL] SELECT `id`, `type`, `name`, `is_actived`, `is_sync_enabled`, `cfg`, `created_unix`, `updated_unix` FROM `login_source` WHERE (is_actived = ? and type = ?) []interface {}{true, 6} - took: 47.234µs
2019/09/16 03:05:52 .../xorm/session_raw.go:76:queryRows() [I] [SQL] SELECT `id`, `owner_id`, `lower_name`, `name`, `description`, `website`, `original_url`, `default_branch`, `num_watches`, `num_stars`, `num_forks`, `num_issues`, `num_closed_issues`, `num_pulls`, `num_closed_pulls`, `num_milestones`, `num_closed_milestones`, `is_private`, `is_empty`, `is_archived`, `is_mirror`, `is_fork`, `fork_id`, `size`, `is_fsck_enabled`, `close_issues_via_commit_in_any_branch`, `topics`, `avatar`, `created_unix`, `updated_unix` FROM `repository` WHERE (id > 0) - took: 134.028µs
2019/09/16 03:05:52 .../xorm/session_raw.go:76:queryRows() [I] [SQL] SELECT repo.id FROM `repository` repo WHERE repo.num_watches!=(SELECT COUNT(*) FROM `watch` WHERE repo_id=repo.id) - took: 49.749µs
2019/09/16 03:05:52 .../xorm/session_raw.go:76:queryRows() [I] [SQL] SELECT repo.id FROM `repository` repo WHERE repo.num_stars!=(SELECT COUNT(*) FROM `star` WHERE repo_id=repo.id) - took: 25.104µs
2019/09/16 03:05:52 .../xorm/session_raw.go:76:queryRows() [I] [SQL] SELECT label.id FROM `label` WHERE label.num_issues!=(SELECT COUNT(*) FROM `issue_label` WHERE label_id=label.id) - took: 22.3µs
2019/09/16 03:05:52 .../xorm/session_raw.go:76:queryRows() [I] [SQL] SELECT `user`.id FROM `user` WHERE `user`.num_repos!=(SELECT COUNT(*) FROM `repository` WHERE owner_id=`user`.id) - took: 28.541µs
2019/09/16 03:05:52 .../xorm/session_raw.go:76:queryRows() [I] [SQL] SELECT `issue`.id FROM `issue` WHERE `issue`.num_comments!=(SELECT COUNT(*) FROM `comment` WHERE issue_id=`issue`.id AND type=0) - took: 28.267µs
2019/09/16 03:05:52 .../xorm/session_raw.go:76:queryRows() [I] [SQL] SELECT repo.id FROM `repository` repo WHERE repo.num_closed_issues!=(SELECT COUNT(*) FROM `issue` WHERE repo_id=repo.id AND is_closed=? AND is_pull=?) []interface {}{true, false} - took: 31.131µs
2019/09/16 03:05:52 .../xorm/session_raw.go:76:queryRows() [I] [SQL] SELECT repo.id FROM `repository` repo WHERE repo.num_closed_pulls!=(SELECT COUNT(*) FROM `issue` WHERE repo_id=repo.id AND is_closed=? AND is_pull=?) []interface {}{true, true} - took: 37.359µs
2019/09/16 03:05:52 .../xorm/session_raw.go:76:queryRows() [I] [SQL] SELECT repo.id FROM `repository` repo WHERE repo.num_forks!=(SELECT COUNT(*) FROM `repository` WHERE fork_id=repo.id) - took: 56.97µs
2019/09/16 03:05:52 .../xorm/session_raw.go:194:exec() [I] [SQL] DELETE FROM `deleted_branch` WHERE (deleted_unix < ?) []interface {}{1568516752} - took: 78.067µs
2019/09/16 03:05:52 routers/init.go:106:GlobalInit() [I] SQLite3 Supported
2019/09/16 03:05:52 routers/init.go:37:checkRunMode() [I] Run Mode: Production
2019/09/16 03:05:52 routers/install.go:388:InstallPost() [I] First-time run install finished!
2019/09/16 03:05:52 .../xorm/session_raw.go:76:queryRows() [I] [SQL] SELECT count(*) FROM `repository` - took: 38.128µs
2019/09/16 03:05:52 .../xorm/session_raw.go:76:queryRows() [I] [SQL] SELECT `id`, `repo_id`, `hook_id`, `uuid`, `type`, `url`, `signature`, `payload_content`, `http_method`, `content_type`, `event_type`, `is_ssl`, `is_delivered`, `delivered`, `is_succeed`, `request_content`, `response_content` FROM `hook_task` WHERE (is_delivered=?) []interface {}{false} - took: 322.182µs
2019/09/16 03:05:52 .../xorm/session_raw.go:76:queryRows() [I] [SQL] SELECT `id`, `type`, `status`, `conflicted_files`, `issue_id`, `index`, `head_repo_id`, `base_repo_id`, `head_user_name`, `head_branch`, `base_branch`, `merge_base`, `has_merged`, `merged_commit_id`, `merger_id`, `merged_unix` FROM `pull_request` WHERE (status = ?) []interface {}{1} - took: 274.388µs
2019/09/16 03:05:52 .../xorm/session_raw.go:76:queryRows() [I] [SQL] SELECT `id`, `owner_id`, `lower_name`, `name`, `description`, `website`, `original_url`, `default_branch`, `num_watches`, `num_stars`, `num_forks`, `num_issues`, `num_closed_issues`, `num_pulls`, `num_closed_pulls`, `num_milestones`, `num_closed_milestones`, `is_private`, `is_empty`, `is_archived`, `is_mirror`, `is_fork`, `fork_id`, `size`, `is_fsck_enabled`, `close_issues_via_commit_in_any_branch`, `topics`, `avatar`, `created_unix`, `updated_unix` FROM `repository` ORDER BY id ASC LIMIT 64 - took: 114.3µs
2019/09/16 03:06:08 routers/install.go:36:InstallInit() [E] Install: Installation is prohibited
2019/09/16 03:06:25 .../xorm/session_raw.go:83:queryRows() [I] [SQL] SELECT `id`, `lower_name`, `name`, `full_name`, `email`, `keep_email_private`, `email_notifications_preference`, `passwd`, `passwd_hash_algo`, `must_change_password`, `login_type`, `login_source`, `login_name`, `type`, `location`, `website`, `rands`, `salt`, `language`, `description`, `created_unix`, `updated_unix`, `last_login_unix`, `last_repo_visibility`, `max_repo_creation`, `is_active`, `is_admin`, `allow_git_hook`, `allow_import_local`, `allow_create_organization`, `prohibit_login`, `avatar`, `avatar_email`, `use_custom_avatar`, `num_followers`, `num_following`, `num_stars`, `num_repos`, `num_teams`, `num_members`, `visibility`, `diff_view_style`, `theme` FROM `user` WHERE (id!=?) AND `lower_name`=? LIMIT 1 []interface {}{0, "admin1"} - took: 129.493µs
2019/09/16 03:06:25 .../xorm/session_raw.go:83:queryRows() [I] [SQL] SELECT `id`, `lower_name`, `name`, `full_name`, `email`, `keep_email_private`, `email_notifications_preference`, `passwd`, `passwd_hash_algo`, `must_change_password`, `login_type`, `login_source`, `login_name`, `type`, `location`, `website`, `rands`, `salt`, `language`, `description`, `created_unix`, `updated_unix`, `last_login_unix`, `last_repo_visibility`, `max_repo_creation`, `is_active`, `is_admin`, `allow_git_hook`, `allow_import_local`, `allow_create_organization`, `prohibit_login`, `avatar`, `avatar_email`, `use_custom_avatar`, `num_followers`, `num_following`, `num_stars`, `num_repos`, `num_teams`, `num_members`, `visibility`, `diff_view_style`, `theme` FROM `user` WHERE (email=?) LIMIT 1 []interface {}{"admin@admin.com"} - took: 88.91µs
2019/09/16 03:06:25 .../xorm/session_raw.go:83:queryRows() [I] [SQL] SELECT `id`, `uid`, `email`, `is_activated` FROM `email_address` WHERE `email`=? LIMIT 1 []interface {}{"admin@admin.com"} - took: 28.56µs
2019/09/16 03:06:25 .../xorm/session_raw.go:178:exec() [I] [SQL] INSERT INTO `user` (`lower_name`, `name`, `full_name`, `email`, `keep_email_private`, `email_notifications_preference`, `passwd`, `passwd_hash_algo`, `must_change_password`, `login_type`, `login_source`, `login_name`, `type`, `location`, `website`, `rands`, `salt`, `language`, `description`, `created_unix`, `updated_unix`, `last_login_unix`, `last_repo_visibility`, `max_repo_creation`, `is_active`, `is_admin`, `allow_git_hook`, `allow_import_local`, `allow_create_organization`, `prohibit_login`, `avatar`, `avatar_email`, `use_custom_avatar`, `num_followers`, `num_following`, `num_stars`, `num_repos`, `num_teams`, `num_members`, `visibility`, `diff_view_style`, `theme`) VALUES (?, ?, ?, ?, ?, ?, ?, ?, ?, ?, ?, ?, ?, ?, ?, ?, ?, ?, ?, ?, ?, ?, ?, ?, ?, ?, ?, ?, ?, ?, ?, ?, ?, ?, ?, ?, ?, ?, ?, ?, ?, ?) []interface {}{"admin1", "admin1", "", "admin@admin.com", false, "enabled", "e4ca6e5143fd6cba58919f666eaf2c2a6ef1432f8fa76f082d5df1aa2e8ead0b9e6449b684f2277c845c9fd696b7514d793e", "pbkdf2", false, 0, 0, "", 0, "", "", "3vvTMaqJGG", "U89fbykmqj", "", "", 1568603185, 1568603185, 0, false, -1, true, false, false, false, true, false, "64e1b8d34f425d19e1ee2ea7236d3028", "admin@admin.com", false, 0, 0, 0, 0, 0, 0, 0, "", "gitea"} - took: 299.68µs
2019/09/16 03:06:25 .../xorm/session_raw.go:76:queryRows() [I] [SQL] SELECT count(*) FROM `user` WHERE (type=0) - took: 34.041µs
2019/09/16 03:06:25 .../xorm/session_raw.go:194:exec() [I] [SQL] UPDATE `user` SET `last_login_unix` = ?, `is_active` = ?, `is_admin` = ?, `updated_unix` = ? WHERE `id`=? []interface {}{1568603185, true, true, 1568603185, 1} - took: 2.838101ms
2019/09/16 03:06:25 .../xorm/session_raw.go:194:exec() [I] [SQL] UPDATE `user` SET `language` = ?, `updated_unix` = ? WHERE `id`=? []interface {}{"en-US", 1568603185, 1} - took: 2.555891ms
2019/09/16 03:06:25 .../xorm/session_raw.go:194:exec() [I] [SQL] UPDATE `user` SET `last_login_unix` = ?, `updated_unix` = ? WHERE `id`=? []interface {}{1568603185, 1568603185, 1} - took: 2.648371ms
2019/09/16 03:06:26 .../xorm/session_raw.go:76:queryRows() [I] [SQL] SELECT `id`, `lower_name`, `name`, `full_name`, `email`, `keep_email_private`, `email_notifications_preference`, `passwd`, `passwd_hash_algo`, `must_change_password`, `login_type`, `login_source`, `login_name`, `type`, `location`, `website`, `rands`, `salt`, `language`, `description`, `created_unix`, `updated_unix`, `last_login_unix`, `last_repo_visibility`, `max_repo_creation`, `is_active`, `is_admin`, `allow_git_hook`, `allow_import_local`, `allow_create_organization`, `prohibit_login`, `avatar`, `avatar_email`, `use_custom_avatar`, `num_followers`, `num_following`, `num_stars`, `num_repos`, `num_teams`, `num_members`, `visibility`, `diff_view_style`, `theme` FROM `user` WHERE `id`=? LIMIT 1 []interface {}{1} - took: 127.847µs
2019/09/16 03:06:26 .../xorm/session_raw.go:76:queryRows() [I] [SQL] SELECT count(*) FROM `notification` WHERE (user_id = ?) AND (status = ?) []interface {}{1, 0x1} - took: 47.098µs
2019/09/16 03:06:26 .../xorm/session_raw.go:76:queryRows() [I] [SQL] SELECT * FROM `org_user` LEFT JOIN `user` ON `org_user`.org_id=`user`.id WHERE (`org_user`.uid=?) ORDER BY `user`.`name` ASC []interface {}{1} - took: 136.029µs
2019/09/16 03:06:26 .../xorm/session_raw.go:76:queryRows() [I] [SQL] SELECT `id`, `owner_id`, `lower_name`, `name`, `description`, `website`, `original_url`, `default_branch`, `num_watches`, `num_stars`, `num_forks`, `num_issues`, `num_closed_issues`, `num_pulls`, `num_closed_pulls`, `num_milestones`, `num_closed_milestones`, `is_private`, `is_empty`, `is_archived`, `is_mirror`, `is_fork`, `fork_id`, `size`, `is_fsck_enabled`, `close_issues_via_commit_in_any_branch`, `topics`, `avatar`, `created_unix`, `updated_unix` FROM `repository` WHERE (owner_id = ?) AND (is_mirror = ?) []interface {}{1, true} - took: 87.173µs
2019/09/16 03:06:26 .../xorm/session_raw.go:76:queryRows() [I] [SQL] SELECT `id`, `user_id`, `op_type`, `act_user_id`, `repo_id`, `comment_id`, `is_deleted`, `ref_name`, `is_private`, `content`, `created_unix` FROM `action` WHERE user_id=? AND is_deleted=? ORDER BY `id` DESC LIMIT 20 []interface {}{1, false} - took: 44.493µs
2019/09/16 03:06:26 .../xorm/session_raw.go:76:queryRows() [I] [SQL] SELECT count(*) FROM `org_user` WHERE (uid=?) []interface {}{1} - took: 61.631µs
2019/09/16 03:06:26 .../xorm/session_raw.go:76:queryRows() [I] [SQL] SELECT `id`, `lower_name`, `name`, `full_name`, `email`, `keep_email_private`, `email_notifications_preference`, `passwd`, `passwd_hash_algo`, `must_change_password`, `login_type`, `login_source`, `login_name`, `type`, `location`, `website`, `rands`, `salt`, `language`, `description`, `created_unix`, `updated_unix`, `last_login_unix`, `last_repo_visibility`, `max_repo_creation`, `is_active`, `is_admin`, `allow_git_hook`, `allow_import_local`, `allow_create_organization`, `prohibit_login`, `avatar`, `avatar_email`, `use_custom_avatar`, `num_followers`, `num_following`, `num_stars`, `num_repos`, `num_teams`, `num_members`, `visibility`, `diff_view_style`, `theme` FROM `user` WHERE `id`=? LIMIT 1 []interface {}{1} - took: 135.175µs
2019/09/16 03:06:26 .../xorm/session_raw.go:76:queryRows() [I] [SQL] SELECT `id`, `lower_name`, `name`, `full_name`, `email`, `keep_email_private`, `email_notifications_preference`, `passwd`, `passwd_hash_algo`, `must_change_password`, `login_type`, `login_source`, `login_name`, `type`, `location`, `website`, `rands`, `salt`, `language`, `description`, `created_unix`, `updated_unix`, `last_login_unix`, `last_repo_visibility`, `max_repo_creation`, `is_active`, `is_admin`, `allow_git_hook`, `allow_import_local`, `allow_create_organization`, `prohibit_login`, `avatar`, `avatar_email`, `use_custom_avatar`, `num_followers`, `num_following`, `num_stars`, `num_repos`, `num_teams`, `num_members`, `visibility`, `diff_view_style`, `theme` FROM `user` WHERE `lower_name`=? LIMIT 1 []interface {}{"admin1"} - took: 74.797µs
2019/09/16 03:06:26 .../xorm/session_raw.go:76:queryRows() [I] [SQL] SELECT strftime('%s', strftime('%Y-%m-%d', created_unix, 'unixepoch')) AS timestamp, count(user_id) as contributions FROM `action` WHERE (user_id = ?) AND (created_unix > ?) AND (act_user_id = ?) GROUP BY timestamp ORDER BY timestamp []interface {}{1, 1537067186, 1} - took: 73.977µs
2019/09/16 03:06:26 .../xorm/session_raw.go:76:queryRows() [I] [SQL] SELECT `id`, `lower_name`, `name`, `full_name`, `email`, `keep_email_private`, `email_notifications_preference`, `passwd`, `passwd_hash_algo`, `must_change_password`, `login_type`, `login_source`, `login_name`, `type`, `location`, `website`, `rands`, `salt`, `language`, `description`, `created_unix`, `updated_unix`, `last_login_unix`, `last_repo_visibility`, `max_repo_creation`, `is_active`, `is_admin`, `allow_git_hook`, `allow_import_local`, `allow_create_organization`, `prohibit_login`, `avatar`, `avatar_email`, `use_custom_avatar`, `num_followers`, `num_following`, `num_stars`, `num_repos`, `num_teams`, `num_members`, `visibility`, `diff_view_style`, `theme` FROM `user` WHERE `id`=? LIMIT 1 []interface {}{1} - took: 106.755µs
2019/09/16 03:06:26 .../xorm/session_raw.go:76:queryRows() [I] [SQL] SELECT count(*) FROM `repository` WHERE (owner_id=? OR (((repository.id IN (SELECT repo_id FROM `access` WHERE access.user_id = ?)) OR id IN (SELECT `team_repo`.repo_id FROM team_repo INNER JOIN team_user ON `team_user`.team_id = `team_repo`.team_id WHERE `team_user`.uid=?)) AND owner_id<>?)) []interface {}{1, 1, 1, 1} - took: 83.979µs
2019/09/16 03:06:26 .../xorm/session_raw.go:76:queryRows() [I] [SQL] SELECT `id`, `owner_id`, `lower_name`, `name`, `description`, `website`, `original_url`, `default_branch`, `num_watches`, `num_stars`, `num_forks`, `num_issues`, `num_closed_issues`, `num_pulls`, `num_closed_pulls`, `num_milestones`, `num_closed_milestones`, `is_private`, `is_empty`, `is_archived`, `is_mirror`, `is_fork`, `fork_id`, `size`, `is_fsck_enabled`, `close_issues_via_commit_in_any_branch`, `topics`, `avatar`, `created_unix`, `updated_unix` FROM `repository` WHERE (owner_id=? OR (((repository.id IN (SELECT repo_id FROM `access` WHERE access.user_id = ?)) OR id IN (SELECT `team_repo`.repo_id FROM team_repo INNER JOIN team_user ON `team_user`.team_id = `team_repo`.team_id WHERE `team_user`.uid=?)) AND owner_id<>?)) ORDER BY updated_unix DESC LIMIT 15 []interface {}{1, 1, 1, 1} - took: 100.646µs
2019/09/16 03:06:38 .../xorm/session_raw.go:76:queryRows() [I] [SQL] SELECT `id`, `lower_name`, `name`, `full_name`, `email`, `keep_email_private`, `email_notifications_preference`, `passwd`, `passwd_hash_algo`, `must_change_password`, `login_type`, `login_source`, `login_name`, `type`, `location`, `website`, `rands`, `salt`, `language`, `description`, `created_unix`, `updated_unix`, `last_login_unix`, `last_repo_visibility`, `max_repo_creation`, `is_active`, `is_admin`, `allow_git_hook`, `allow_import_local`, `allow_create_organization`, `prohibit_login`, `avatar`, `avatar_email`, `use_custom_avatar`, `num_followers`, `num_following`, `num_stars`, `num_repos`, `num_teams`, `num_members`, `visibility`, `diff_view_style`, `theme` FROM `user` WHERE `id`=? LIMIT 1 []interface {}{1} - took: 138.172µs
2019/09/16 03:06:38 .../xorm/session_raw.go:76:queryRows() [I] [SQL] SELECT count(*) FROM `notification` WHERE (user_id = ?) AND (status = ?) []interface {}{1, 0x1} - took: 54.315µs
2019/09/16 03:06:38 .../xorm/session_raw.go:76:queryRows() [I] [SQL] SELECT `id`, `lower_name`, `name`, `full_name`, `email`, `keep_email_private`, `email_notifications_preference`, `passwd`, `passwd_hash_algo`, `must_change_password`, `login_type`, `login_source`, `login_name`, `type`, `location`, `website`, `rands`, `salt`, `language`, `description`, `created_unix`, `updated_unix`, `last_login_unix`, `last_repo_visibility`, `max_repo_creation`, `is_active`, `is_admin`, `allow_git_hook`, `allow_import_local`, `allow_create_organization`, `prohibit_login`, `avatar`, `avatar_email`, `use_custom_avatar`, `num_followers`, `num_following`, `num_stars`, `num_repos`, `num_teams`, `num_members`, `visibility`, `diff_view_style`, `theme` FROM `user` WHERE `lower_name`=? LIMIT 1 []interface {}{"admin1"} - took: 65.797µs
2019/09/16 03:06:38 .../xorm/session_raw.go:76:queryRows() [I] [SQL] SELECT `id`, `uid`, `uri`, `show` FROM `user_open_id` WHERE (uid=?) ORDER BY `id` ASC []interface {}{1} - took: 36.959µs
2019/09/16 03:06:38 .../xorm/session_raw.go:76:queryRows() [I] [SQL] SELECT * FROM `user` INNER JOIN `org_user` ON `org_user`.org_id=`user`.id WHERE (`org_user`.uid=?) ORDER BY `user`.`name` ASC []interface {}{1} - took: 133.06µs
2019/09/16 03:06:38 .../xorm/session_raw.go:76:queryRows() [I] [SQL] SELECT count(*) FROM `repository` WHERE owner_id=? []interface {}{1} - took: 30.41µs
2019/09/16 03:06:38 .../xorm/session_raw.go:76:queryRows() [I] [SQL] SELECT `id`, `owner_id`, `lower_name`, `name`, `description`, `website`, `original_url`, `default_branch`, `num_watches`, `num_stars`, `num_forks`, `num_issues`, `num_closed_issues`, `num_pulls`, `num_closed_pulls`, `num_milestones`, `num_closed_milestones`, `is_private`, `is_empty`, `is_archived`, `is_mirror`, `is_fork`, `fork_id`, `size`, `is_fsck_enabled`, `close_issues_via_commit_in_any_branch`, `topics`, `avatar`, `created_unix`, `updated_unix` FROM `repository` WHERE owner_id=? ORDER BY updated_unix DESC LIMIT 15 []interface {}{1} - took: 56.204µs
2019/09/16 03:06:40 .../xorm/session_raw.go:76:queryRows() [I] [SQL] SELECT `id`, `lower_name`, `name`, `full_name`, `email`, `keep_email_private`, `email_notifications_preference`, `passwd`, `passwd_hash_algo`, `must_change_password`, `login_type`, `login_source`, `login_name`, `type`, `location`, `website`, `rands`, `salt`, `language`, `description`, `created_unix`, `updated_unix`, `last_login_unix`, `last_repo_visibility`, `max_repo_creation`, `is_active`, `is_admin`, `allow_git_hook`, `allow_import_local`, `allow_create_organization`, `prohibit_login`, `avatar`, `avatar_email`, `use_custom_avatar`, `num_followers`, `num_following`, `num_stars`, `num_repos`, `num_teams`, `num_members`, `visibility`, `diff_view_style`, `theme` FROM `user` WHERE `id`=? LIMIT 1 []interface {}{1} - took: 137.109µs
2019/09/16 03:06:40 .../xorm/session_raw.go:76:queryRows() [I] [SQL] SELECT count(*) FROM `notification` WHERE (user_id = ?) AND (status = ?) []interface {}{1, 0x1} - took: 47.547µs
2019/09/16 03:06:42 .../xorm/session_raw.go:76:queryRows() [I] [SQL] SELECT `id`, `lower_name`, `name`, `full_name`, `email`, `keep_email_private`, `email_notifications_preference`, `passwd`, `passwd_hash_algo`, `must_change_password`, `login_type`, `login_source`, `login_name`, `type`, `location`, `website`, `rands`, `salt`, `language`, `description`, `created_unix`, `updated_unix`, `last_login_unix`, `last_repo_visibility`, `max_repo_creation`, `is_active`, `is_admin`, `allow_git_hook`, `allow_import_local`, `allow_create_organization`, `prohibit_login`, `avatar`, `avatar_email`, `use_custom_avatar`, `num_followers`, `num_following`, `num_stars`, `num_repos`, `num_teams`, `num_members`, `visibility`, `diff_view_style`, `theme` FROM `user` WHERE `id`=? LIMIT 1 []interface {}{1} - took: 135.465µs
2019/09/16 03:06:42 .../xorm/session_raw.go:76:queryRows() [I] [SQL] SELECT count(*) FROM `notification` WHERE (user_id = ?) AND (status = ?) []interface {}{1, 0x1} - took: 46.445µs
2019/09/16 03:06:42 .../xorm/session_raw.go:76:queryRows() [I] [SQL] SELECT `id`, `owner_id`, `name`, `fingerprint`, `content`, `mode`, `type`, `login_source_id`, `created_unix`, `updated_unix` FROM `public_key` WHERE (owner_id = ?) []interface {}{1} - took: 49.919µs
2019/09/16 03:06:42 .../xorm/session_raw.go:76:queryRows() [I] [SQL] SELECT `id`, `owner_id`, `key_id`, `primary_key_id`, `content`, `created_unix`, `expired_unix`, `added_unix`, `emails`, `can_sign`, `can_encrypt_comms`, `can_encrypt_storage`, `can_certify` FROM `gpg_key` WHERE (owner_id=? AND primary_key_id='') []interface {}{1} - took: 53.312µs
2019/09/16 03:06:57 .../xorm/session_raw.go:76:queryRows() [I] [SQL] SELECT `id`, `lower_name`, `name`, `full_name`, `email`, `keep_email_private`, `email_notifications_preference`, `passwd`, `passwd_hash_algo`, `must_change_password`, `login_type`, `login_source`, `login_name`, `type`, `location`, `website`, `rands`, `salt`, `language`, `description`, `created_unix`, `updated_unix`, `last_login_unix`, `last_repo_visibility`, `max_repo_creation`, `is_active`, `is_admin`, `allow_git_hook`, `allow_import_local`, `allow_create_organization`, `prohibit_login`, `avatar`, `avatar_email`, `use_custom_avatar`, `num_followers`, `num_following`, `num_stars`, `num_repos`, `num_teams`, `num_members`, `visibility`, `diff_view_style`, `theme` FROM `user` WHERE `id`=? LIMIT 1 []interface {}{1} - took: 177.484µs
2019/09/16 03:06:57 .../xorm/session_raw.go:76:queryRows() [I] [SQL] SELECT count(*) FROM `notification` WHERE (user_id = ?) AND (status = ?) []interface {}{1, 0x1} - took: 69.796µs
2019/09/16 03:06:57 .../xorm/session_raw.go:83:queryRows() [I] [SQL] SELECT `id`, `owner_id`, `name`, `fingerprint`, `content`, `mode`, `type`, `login_source_id`, `created_unix`, `updated_unix` FROM `public_key` WHERE `fingerprint`=? LIMIT 1 []interface {}{"SHA256:RZmjnRbycRyzkl47PhL3XKMoUvhOR6ND+wnzmoa0tPo"} - took: 50.197µs
2019/09/16 03:06:57 .../xorm/session_raw.go:83:queryRows() [I] [SQL] SELECT `id`, `owner_id`, `name`, `fingerprint`, `content`, `mode`, `type`, `login_source_id`, `created_unix`, `updated_unix` FROM `public_key` WHERE (owner_id = ? AND name = ?) LIMIT 1 []interface {}{1, "bparees@thinkpad"} - took: 36.788µs
2019/09/16 03:06:57 .../xorm/session_raw.go:178:exec() [I] [SQL] INSERT INTO `public_key` (`owner_id`, `name`, `fingerprint`, `content`, `mode`, `type`, `login_source_id`, `created_unix`, `updated_unix`) VALUES (?, ?, ?, ?, ?, ?, ?, ?, ?) []interface {}{1, "bparees@thinkpad", "SHA256:RZmjnRbycRyzkl47PhL3XKMoUvhOR6ND+wnzmoa0tPo", "ssh-rsa AAAAB3NzaC1yc2EAAAADAQABAAABgQCiRy7tb+apaP2P2eVWFNPwccIG9E7apPcPSjfD7zNA3hZA5D+7tK3aumB2jPEYCabIhTPuJSYKt4PIbnvrerzZk8MbWyqI8sThpkHY8eZEAeNBlfc/q36wt1mZa/nMXAOAFq5l+T+0N00Or/19jpXsuK8shiMJAL4Ua5+lIRcAL1PbqVSHnxy+MNb3hkLVFVgyxnfr79ZQz83YfFJZQN92ocBc1bJZjSOqG5aCvRW8pIqF/w0QCfdUKAVDuXYyyAkOenlZCuOmp0TmupAcbqfUGngj07PEhOPARQXVFrRSgH2UqL/rTQpif1Z6vW+L6hW/S5ZRQMWM7G4tJ2qdXUs4DDToSaUNqnJRfjtNTgqOESN7/YBG/ScoiOZbOw3qcm+FS0+57pYT+ThveJzV/iL1Fc4d3iclmkiXTFluBk8Pm2CHq3RxSpyBjC41SHD54eTCr529MJAP5mavxUXeSv+rlfRuFa2iut9PYG82zox2qw52rnhQHXlyVAE9VR1wdSE= bparees@thinkpad", 2, 1, 0, 1568603217, 1568603217} - took: 225.545µs
2019/09/16 03:06:57 .../xorm/session_raw.go:76:queryRows() [I] [SQL] SELECT `id`, `lower_name`, `name`, `full_name`, `email`, `keep_email_private`, `email_notifications_preference`, `passwd`, `passwd_hash_algo`, `must_change_password`, `login_type`, `login_source`, `login_name`, `type`, `location`, `website`, `rands`, `salt`, `language`, `description`, `created_unix`, `updated_unix`, `last_login_unix`, `last_repo_visibility`, `max_repo_creation`, `is_active`, `is_admin`, `allow_git_hook`, `allow_import_local`, `allow_create_organization`, `prohibit_login`, `avatar`, `avatar_email`, `use_custom_avatar`, `num_followers`, `num_following`, `num_stars`, `num_repos`, `num_teams`, `num_members`, `visibility`, `diff_view_style`, `theme` FROM `user` WHERE `id`=? LIMIT 1 []interface {}{1} - took: 136.134µs
2019/09/16 03:06:57 .../xorm/session_raw.go:76:queryRows() [I] [SQL] SELECT count(*) FROM `notification` WHERE (user_id = ?) AND (status = ?) []interface {}{1, 0x1} - took: 46.033µs
2019/09/16 03:06:57 .../xorm/session_raw.go:76:queryRows() [I] [SQL] SELECT `id`, `owner_id`, `name`, `fingerprint`, `content`, `mode`, `type`, `login_source_id`, `created_unix`, `updated_unix` FROM `public_key` WHERE (owner_id = ?) []interface {}{1} - took: 50.33µs
2019/09/16 03:06:57 .../xorm/session_raw.go:76:queryRows() [I] [SQL] SELECT `id`, `owner_id`, `key_id`, `primary_key_id`, `content`, `created_unix`, `expired_unix`, `added_unix`, `emails`, `can_sign`, `can_encrypt_comms`, `can_encrypt_storage`, `can_certify` FROM `gpg_key` WHERE (owner_id=? AND primary_key_id='') []interface {}{1} - took: 39.251µs
2019/09/16 03:07:05 .../xorm/session_raw.go:76:queryRows() [I] [SQL] SELECT `id`, `lower_name`, `name`, `full_name`, `email`, `keep_email_private`, `email_notifications_preference`, `passwd`, `passwd_hash_algo`, `must_change_password`, `login_type`, `login_source`, `login_name`, `type`, `location`, `website`, `rands`, `salt`, `language`, `description`, `created_unix`, `updated_unix`, `last_login_unix`, `last_repo_visibility`, `max_repo_creation`, `is_active`, `is_admin`, `allow_git_hook`, `allow_import_local`, `allow_create_organization`, `prohibit_login`, `avatar`, `avatar_email`, `use_custom_avatar`, `num_followers`, `num_following`, `num_stars`, `num_repos`, `num_teams`, `num_members`, `visibility`, `diff_view_style`, `theme` FROM `user` WHERE `id`=? LIMIT 1 []interface {}{1} - took: 117.135µs
2019/09/16 03:07:05 .../xorm/session_raw.go:76:queryRows() [I] [SQL] SELECT count(*) FROM `notification` WHERE (user_id = ?) AND (status = ?) []interface {}{1, 0x1} - took: 47.064µs
2019/09/16 03:07:05 .../xorm/session_raw.go:76:queryRows() [I] [SQL] SELECT * FROM `user` INNER JOIN `team_user` ON `team_user`.org_id=`user`.id INNER JOIN `team` ON `team`.id=`team_user`.team_id WHERE (`team_user`.uid=?) AND (`team`.authorize=?) ORDER BY `updated_unix` DESC, `user`.`name` ASC []interface {}{1, 4} - took: 186.5µs
2019/09/16 03:07:16 .../xorm/session_raw.go:76:queryRows() [I] [SQL] SELECT `id`, `lower_name`, `name`, `full_name`, `email`, `keep_email_private`, `email_notifications_preference`, `passwd`, `passwd_hash_algo`, `must_change_password`, `login_type`, `login_source`, `login_name`, `type`, `location`, `website`, `rands`, `salt`, `language`, `description`, `created_unix`, `updated_unix`, `last_login_unix`, `last_repo_visibility`, `max_repo_creation`, `is_active`, `is_admin`, `allow_git_hook`, `allow_import_local`, `allow_create_organization`, `prohibit_login`, `avatar`, `avatar_email`, `use_custom_avatar`, `num_followers`, `num_following`, `num_stars`, `num_repos`, `num_teams`, `num_members`, `visibility`, `diff_view_style`, `theme` FROM `user` WHERE `id`=? LIMIT 1 []interface {}{1} - took: 144.435µs
2019/09/16 03:07:16 .../xorm/session_raw.go:76:queryRows() [I] [SQL] SELECT count(*) FROM `notification` WHERE (user_id = ?) AND (status = ?) []interface {}{1, 0x1} - took: 47.495µs
2019/09/16 03:07:16 .../xorm/session_raw.go:76:queryRows() [I] [SQL] SELECT * FROM `user` INNER JOIN `team_user` ON `team_user`.org_id=`user`.id INNER JOIN `team` ON `team`.id=`team_user`.team_id WHERE (`team_user`.uid=?) AND (`team`.authorize=?) ORDER BY `updated_unix` DESC, `user`.`name` ASC []interface {}{1, 4} - took: 192.833µs
2019/09/16 03:07:16 .../xorm/session_raw.go:83:queryRows() [I] [SQL] SELECT `id`, `owner_id`, `lower_name`, `name`, `description`, `website`, `original_url`, `default_branch`, `num_watches`, `num_stars`, `num_forks`, `num_issues`, `num_closed_issues`, `num_pulls`, `num_closed_pulls`, `num_milestones`, `num_closed_milestones`, `is_private`, `is_empty`, `is_archived`, `is_mirror`, `is_fork`, `fork_id`, `size`, `is_fsck_enabled`, `close_issues_via_commit_in_any_branch`, `topics`, `avatar`, `created_unix`, `updated_unix` FROM `repository` WHERE `owner_id`=? AND `lower_name`=? LIMIT 1 []interface {}{1, "test"} - took: 103.192µs
2019/09/16 03:07:16 .../xorm/session_raw.go:178:exec() [I] [SQL] INSERT INTO `repository` (`owner_id`, `lower_name`, `name`, `description`, `website`, `original_url`, `default_branch`, `num_watches`, `num_stars`, `num_forks`, `num_issues`, `num_closed_issues`, `num_pulls`, `num_closed_pulls`, `num_milestones`, `num_closed_milestones`, `is_private`, `is_empty`, `is_archived`, `is_mirror`, `is_fork`, `fork_id`, `size`, `is_fsck_enabled`, `close_issues_via_commit_in_any_branch`, `topics`, `avatar`, `created_unix`, `updated_unix`) VALUES (?, ?, ?, ?, ?, ?, ?, ?, ?, ?, ?, ?, ?, ?, ?, ?, ?, ?, ?, ?, ?, ?, ?, ?, ?, ?, ?, ?, ?) []interface {}{1, "test", "test", "", "", "", "", 0, 0, 0, 0, 0, 0, 0, 0, 0, true, false, false, false, false, 0, 0, true, false, "null", "", 1568603236, 1568603236} - took: 340.282µs
2019/09/16 03:07:16 .../xorm/session_raw.go:178:exec() [I] [SQL] DELETE FROM `repo_redirect` WHERE `owner_id`=? AND `lower_name`=? []interface {}{1, "test"} - took: 32.117µs
2019/09/16 03:07:16 .../xorm/session_raw.go:178:exec() [I] [SQL] INSERT INTO `repo_unit` (`repo_id`, `type`, `config`, `created_unix`) VALUES (?, ?, ?, ?),(?, ?, ?, ?),(?, ?, ?, ?),(?, ?, ?, ?),(?, ?, ?, ?) []interface {}{1, 1, interface {}(nil), 1568603236, 1, 2, "{\"EnableTimetracker\":true,\"AllowOnlyContributorsToTrackTime\":true,\"EnableDependencies\":true}", 1568603236, 1, 3, "{\"IgnoreWhitespaceConflicts\":false,\"AllowMerge\":true,\"AllowRebase\":true,\"AllowRebaseMerge\":true,\"AllowSquash\":true}", 1568603236, 1, 4, interface {}(nil), 1568603236, 1, 5, interface {}(nil), 1568603236} - took: 104.296µs
2019/09/16 03:07:16 .../xorm/session_raw.go:178:exec() [I] [SQL] UPDATE `user` SET `last_repo_visibility` = ?, `updated_unix` = ? WHERE `id`=? []interface {}{true, 1568603236, 1} - took: 83.505µs
2019/09/16 03:07:16 .../xorm/session_raw.go:178:exec() [I] [SQL] UPDATE `user` SET `updated_unix` = ?, `num_repos` = `num_repos` + ? WHERE `id`=? []interface {}{1568603236, 1, 1} - took: 51.613µs
2019/09/16 03:07:16 .../xorm/session_raw.go:83:queryRows() [I] [SQL] SELECT `id`, `repo_id`, `user_id`, `mode` FROM `collaboration` WHERE `repo_id`=? []interface {}{1} - took: 31.504µs
2019/09/16 03:07:16 .../xorm/session_raw.go:178:exec() [I] [SQL] DELETE FROM `access` WHERE `repo_id`=? []interface {}{1} - took: 26.082µs
2019/09/16 03:07:16 .../xorm/session_raw.go:83:queryRows() [I] [SQL] SELECT `id`, `user_id`, `repo_id` FROM `watch` WHERE `user_id`=? AND `repo_id`=? LIMIT 1 []interface {}{1, 1} - took: 25.154µs
2019/09/16 03:07:16 .../xorm/session_raw.go:178:exec() [I] [SQL] INSERT INTO `watch` (`user_id`, `repo_id`) VALUES (?, ?) []interface {}{1, 1} - took: 63.911µs
2019/09/16 03:07:16 .../xorm/session_raw.go:178:exec() [I] [SQL] UPDATE `repository` SET num_watches = num_watches + 1 WHERE id = ? []interface {}{1} - took: 36.333µs
2019/09/16 03:07:16 .../xorm/session_raw.go:83:queryRows() [I] [SQL] SELECT * FROM `watch` INNER JOIN `user` ON `user`.id = `watch`.user_id WHERE (`watch`.repo_id=?) AND (`user`.is_active=?) AND (`user`.prohibit_login=?) []interface {}{1, true, false} - took: 169.725µs
2019/09/16 03:07:16 .../xorm/session_raw.go:178:exec() [I] [SQL] INSERT INTO `action` (`user_id`, `op_type`, `act_user_id`, `repo_id`, `comment_id`, `is_deleted`, `ref_name`, `is_private`, `content`, `created_unix`) VALUES (?, ?, ?, ?, ?, ?, ?, ?, ?, ?) []interface {}{1, 1, 1, 1, 0, false, "", true, "", 1568603236} - took: 123.194µs
2019/09/16 03:07:16 .../xorm/session_raw.go:83:queryRows() [I] [SQL] SELECT `id`, `repo_id`, `org_id`, `url`, `signature`, `http_method`, `content_type`, `secret`, `events`, `is_ssl`, `is_active`, `hook_task_type`, `meta`, `last_status`, `created_unix`, `updated_unix` FROM `webhook` WHERE (repo_id=? AND org_id=?) []interface {}{0, 0} - took: 56.353µs
2019/09/16 03:07:16 .../xorm/session_raw.go:83:queryRows() [I] [SQL] SELECT `id`, `owner_id`, `lower_name`, `name`, `description`, `website`, `original_url`, `default_branch`, `num_watches`, `num_stars`, `num_forks`, `num_issues`, `num_closed_issues`, `num_pulls`, `num_closed_pulls`, `num_milestones`, `num_closed_milestones`, `is_private`, `is_empty`, `is_archived`, `is_mirror`, `is_fork`, `fork_id`, `size`, `is_fsck_enabled`, `close_issues_via_commit_in_any_branch`, `topics`, `avatar`, `created_unix`, `updated_unix` FROM `repository` WHERE `id`=? LIMIT 1 []interface {}{1} - took: 64.877µs
2019/09/16 03:07:16 .../xorm/session_raw.go:178:exec() [I] [SQL] UPDATE `repository` SET `owner_id` = ?, `lower_name` = ?, `name` = ?, `description` = ?, `website` = ?, `original_url` = ?, `default_branch` = ?, `num_watches` = ?, `num_stars` = ?, `num_forks` = ?, `num_issues` = ?, `num_closed_issues` = ?, `num_pulls` = ?, `num_closed_pulls` = ?, `num_milestones` = ?, `num_closed_milestones` = ?, `is_private` = ?, `is_empty` = ?, `is_archived` = ?, `is_mirror` = ?, `is_fork` = ?, `fork_id` = ?, `size` = ?, `is_fsck_enabled` = ?, `close_issues_via_commit_in_any_branch` = ?, `topics` = ?, `avatar` = ?, `updated_unix` = ? WHERE `id`=? []interface {}{1, "test", "test", "", "", "", "master", 1, 0, 0, 0, 0, 0, 0, 0, 0, true, true, false, false, false, 0, 0, true, false, "null", "", 1568603236, 1} - took: 71.145µs
2019/09/16 03:07:16 .../xorm/session_raw.go:76:queryRows() [I] [SQL] SELECT `id`, `lower_name`, `name`, `full_name`, `email`, `keep_email_private`, `email_notifications_preference`, `passwd`, `passwd_hash_algo`, `must_change_password`, `login_type`, `login_source`, `login_name`, `type`, `location`, `website`, `rands`, `salt`, `language`, `description`, `created_unix`, `updated_unix`, `last_login_unix`, `last_repo_visibility`, `max_repo_creation`, `is_active`, `is_admin`, `allow_git_hook`, `allow_import_local`, `allow_create_organization`, `prohibit_login`, `avatar`, `avatar_email`, `use_custom_avatar`, `num_followers`, `num_following`, `num_stars`, `num_repos`, `num_teams`, `num_members`, `visibility`, `diff_view_style`, `theme` FROM `user` WHERE `id`=? LIMIT 1 []interface {}{1} - took: 121.494µs
2019/09/16 03:07:16 .../xorm/session_raw.go:76:queryRows() [I] [SQL] SELECT count(*) FROM `notification` WHERE (user_id = ?) AND (status = ?) []interface {}{1, 0x1} - took: 58.884µs
2019/09/16 03:07:16 .../xorm/session_raw.go:76:queryRows() [I] [SQL] SELECT `id`, `owner_id`, `lower_name`, `name`, `description`, `website`, `original_url`, `default_branch`, `num_watches`, `num_stars`, `num_forks`, `num_issues`, `num_closed_issues`, `num_pulls`, `num_closed_pulls`, `num_milestones`, `num_closed_milestones`, `is_private`, `is_empty`, `is_archived`, `is_mirror`, `is_fork`, `fork_id`, `size`, `is_fsck_enabled`, `close_issues_via_commit_in_any_branch`, `topics`, `avatar`, `created_unix`, `updated_unix` FROM `repository` WHERE `owner_id`=? AND `lower_name`=? LIMIT 1 []interface {}{1, "test"} - took: 80.124µs
2019/09/16 03:07:16 .../xorm/session_raw.go:76:queryRows() [I] [SQL] SELECT `id`, `repo_id`, `user_id`, `mode` FROM `collaboration` WHERE `repo_id`=? AND `user_id`=? LIMIT 1 []interface {}{1, 1} - took: 31.053µs
2019/09/16 03:07:16 .../xorm/session_raw.go:76:queryRows() [I] [SQL] SELECT `id`, `repo_id`, `type`, `config`, `created_unix` FROM `repo_unit` WHERE (repo_id = ?) []interface {}{1} - took: 30.575µs
2019/09/16 03:07:16 .../xorm/session_raw.go:76:queryRows() [I] [SQL] SELECT count(*) FROM `release` WHERE repo_id=? AND is_draft=? []interface {}{1, false} - took: 36.581µs
2019/09/16 03:07:16 .../xorm/session_raw.go:76:queryRows() [I] [SQL] SELECT * FROM `user` INNER JOIN `team_user` ON `team_user`.org_id=`user`.id INNER JOIN `team` ON `team`.id=`team_user`.team_id WHERE (`team_user`.uid=?) AND (`team`.authorize=?) ORDER BY `user`.`name` ASC []interface {}{1, 4} - took: 183.234µs
2019/09/16 03:07:16 .../xorm/session_raw.go:76:queryRows() [I] [SQL] SELECT `id`, `user_id`, `repo_id` FROM `watch` WHERE `user_id`=? AND `repo_id`=? LIMIT 1 []interface {}{1, 1} - took: 28.306µs
2019/09/16 03:07:16 .../xorm/session_raw.go:76:queryRows() [I] [SQL] SELECT `id`, `uid`, `repo_id` FROM `star` WHERE `uid`=? AND `repo_id`=? LIMIT 1 []interface {}{1, 1} - took: 31.868µs
2019/09/16 03:07:16 .../xorm/session_raw.go:194:exec() [I] [SQL] INSERT INTO `notice` (`type`, `description`, `created_unix`) VALUES (?, ?, ?) []interface {}{1, "Error while getting .editorconfig file: reference not found", 1568603236} - took: 2.952972ms
2019/09/16 03:08:48 ...dules/setting/log.go:269:newLogService() [I] Gitea Log Mode: File(File:info)
2019/09/16 03:08:48 ...les/setting/cache.go:45:newCacheService() [I] Cache Service Enabled
2019/09/16 03:08:48 ...s/setting/session.go:44:newSessionService() [I] Session Service Enabled
2019/09/16 03:08:48 cmd/dump.go:75:runDump() [I] Creating tmp work dir: /tmp/gitea-dump-269118770
2019/09/16 03:08:48 cmd/dump.go:85:runDump() [I] Packing dump files...
2019/09/16 03:08:48 cmd/dump.go:88:runDump() [I] Failed to create gitea-dump-1568603328.zip: open gitea-dump-1568603328.zip: permission denied
2019/09/16 03:09:10 ...dules/setting/log.go:269:newLogService() [I] Gitea Log Mode: File(File:info)
2019/09/16 03:09:10 ...les/setting/cache.go:45:newCacheService() [I] Cache Service Enabled
2019/09/16 03:09:10 ...s/setting/session.go:44:newSessionService() [I] Session Service Enabled
2019/09/16 03:09:10 cmd/dump.go:75:runDump() [I] Creating tmp work dir: /tmp/gitea-dump-622011419
2019/09/16 03:09:10 cmd/dump.go:85:runDump() [I] Packing dump files...
2019/09/16 03:09:10 cmd/dump.go:88:runDump() [I] Failed to create gitea-dump-1568603350.zip: open gitea-dump-1568603350.zip: permission denied
2019/09/16 03:11:59 ...dules/setting/log.go:269:newLogService() [I] Gitea Log Mode: File(File:info)
2019/09/16 03:11:59 ...les/setting/cache.go:45:newCacheService() [I] Cache Service Enabled
2019/09/16 03:11:59 ...s/setting/session.go:44:newSessionService() [I] Session Service Enabled
2019/09/16 03:11:59 cmd/dump.go:75:runDump() [I] Creating tmp work dir: /tmp/gitea-dump-244997748
2019/09/16 03:11:59 cmd/dump.go:85:runDump() [I] Packing dump files...
2019/09/16 03:11:59 cmd/dump.go:95:runDump() [I] Dumping local repositories.../data/git/repositories
2019/09/16 03:11:59 cmd/dump.go:109:runDump() [I] Dumping database...
2019/09/16 03:11:59 cmd/dump.go:121:runDump() [I] Adding custom configuration file from /data/gitea/conf/app.ini
2019/09/16 03:11:59 cmd/dump.go:137:runDump() [I] Packing data directory.../data/gitea
